<?xml version="1.0" encoding="UTF-8"?>
<!-- Generated by org.testng.reporters.JUnitReportReporter -->
<testsuite hostname="DESKTOP-3VIO17N" failures="0" tests="1" name="com.lennox.test.LoginPage_TC" time="10.504" errors="0" timestamp="2021-06-14T20:32:55 IST" skipped="0">
  <testcase classname="com.lennox.test.LoginPage_TC" name="verifyLogin" time="10.504"/>
  <system-out/>
</testsuite> <!-- com.lennox.test.LoginPage_TC -->
