<?xml version="1.0" encoding="UTF-8"?>
<!-- Generated by org.testng.reporters.JUnitReportReporter -->
<testsuite hostname="DESKTOP-3VIO17N" failures="0" tests="1" name="com.lennox.test.NavigationMenuSubMenu_TC" time="70.773" errors="0" timestamp="2021-06-14T20:37:18 IST" skipped="0">
  <testcase classname="com.lennox.test.NavigationMenuSubMenu_TC" name="selectmenu" time="70.773"/>
  <system-out/>
</testsuite> <!-- com.lennox.test.NavigationMenuSubMenu_TC -->
